JvmtiExport can_access_local_variables 0
JvmtiExport can_hotswap_or_post_breakpoint 0
JvmtiExport can_post_on_exceptions 0
# 107 ciObject found
instanceKlass com/mathworks/widgets/desk/DTDropOutlinePainter
instanceKlass com/mathworks/widgets/desk/DTDragUtilities
instanceKlass sun/misc/FormattedFloatingDecimal$2
instanceKlass sun/misc/FormattedFloatingDecimal
instanceKlass ca/odell/glazedlists/impl/adt/barcode2/FourColorTreeIterator
instanceKlass ca/odell/glazedlists/impl/event/Tree4Deltas$Iterator
instanceKlass com/mathworks/mde/cmdwin/CmdWinMLIF$4
instanceKlass com/mathworks/mde/editor/plugins/matlab/MatlabSelectionDelegate$3
instanceKlass com/mathworks/mde/editor/plugins/matlab/MatlabSelectionDelegate
instanceKlass com/mathworks/toolbox/eml/actions/EmlSelectionDelegate
instanceKlass com/mathworks/mde/editor/SelectionAction$1
instanceKlass com/mathworks/mde/editor/SelectionAction$OsgiDelegateProvider
instanceKlass com/mathworks/mde/editor/SelectionAction$DelegateProvider
instanceKlass com/mathworks/mde/editor/SelectionAction
instanceKlass com/mathworks/widgets/text/matlab/comment/CommentWrappingPreferences
instanceKlass com/mathworks/widgets/text/matlab/comment/CommentWrappingUtils
instanceKlass com/jidesoft/grid/SummaryProvider
instanceKlass com/jidesoft/grid/ColumnDraggableSupport
instanceKlass com/jidesoft/grid/GroupModelProvider
instanceKlass com/jidesoft/grid/ColumnTableModelWrapper
instanceKlass sun/security/ssl/SecureKey
instanceKlass com/mathworks/mde/cmdwin/XCaret$3
instanceKlass com/mathworks/mde/functionhints/FunctionHints$PopupTimer$1
instanceKlass sun/awt/datatransfer/SunClipboard$1SunFlavorChangeNotifier
instanceKlass com/mathworks/mde/cmdwin/CmdWinEditorKit$CurrentMCode
instanceKlass com/mathworks/mde/cmdwin/XCaret$1
instanceKlass com/mathworks/widgets/grouptable/FlatExpansionContext$1
instanceKlass com/mathworks/explorer/MATFileDetailPanelData$3
instanceKlass com/mathworks/mlwidgets/explorer/extensions/matlab/Variable
instanceKlass com/mathworks/explorer/MATFiles$1
instanceKlass java/beans/PropertyChangeSupport$1
instanceKlass com/mathworks/mde/cmdhist/HistoryTelemetryCollector
instanceKlass com/mathworks/mde/cmdwin/XCaret$4
instanceKlass ca/odell/glazedlists/impl/event/BlockSequence$Iterator
instanceKlass com/mathworks/mde/cmdhist/AltHistoryCollection$CommandSaver
instanceKlass javax/swing/text/DefaultHighlighter$HighlightInfo
instanceKlass java/awt/dnd/DropTarget$DropTargetAutoScroller
instanceKlass sun/awt/dnd/SunDragSourceContextPeer$EventDispatcher
instanceKlass java/awt/dnd/DropTargetContext$TransferableProxy
instanceKlass java/awt/Container$DropTargetEventTargetFilter
instanceKlass sun/awt/windows/WDropTargetContextPeer$1
instanceKlass sun/awt/dnd/SunDropTargetContextPeer$EventDispatcher
instanceKlass sun/awt/dnd/SunDragSourceContextPeer$1
instanceKlass sun/awt/dnd/SunDropTargetContextPeer
instanceKlass java/awt/dnd/peer/DropTargetContextPeer
instanceKlass java/awt/dnd/DragSourceContext
instanceKlass com/mathworks/mwswing/datatransfer/MJDragCursorUtilities
instanceKlass com/mathworks/widgets/grouptable/transfer/TransferUtils$3
instanceKlass com/mathworks/widgets/grouptable/transfer/TransferUtils$2
instanceKlass com/mathworks/widgets/grouptable/transfer/TransferUtils
instanceKlass com/mathworks/widgets/grouptable/GroupingTable$28$1
instanceKlass com/mathworks/mwswing/MouseUtils
instanceKlass com/mathworks/mlwidgets/explorer/model/table/UiFileList$3
instanceKlass com/mathworks/mlwidgets/explorer/DetailViewer$6$1
instanceKlass com/mathworks/widgets/grouptable/GroupingTableModel$1
instanceKlass com/mathworks/explorer/MATFileDetailPanelData$2
instanceKlass com/mathworks/explorer/MATFileDetailPanel$7
instanceKlass com/mathworks/explorer/MATFileDetailPanel$6
instanceKlass com/mathworks/explorer/MATFileDetailPanel$MATFileTransferHandler
instanceKlass com/mathworks/explorer/MATFileDetailPanel$5
instanceKlass com/mathworks/explorer/MATFileDetailPanel$4
instanceKlass com/mathworks/explorer/MATFileDetailPanel$3
instanceKlass com/mathworks/explorer/MATFiles$StringFunctionInvoker
instanceKlass com/mathworks/explorer/MATFiles
instanceKlass com/mathworks/explorer/MATFileDetailPanel$2
instanceKlass com/mathworks/explorer/MATFileDetailPanel$1
instanceKlass com/mathworks/explorer/MATFileDetailPanelData$1
instanceKlass com/mathworks/explorer/MATFileDetailPanelData
instanceKlass com/mathworks/mlwidgets/explorer/model/FileDecorationModel$SimpleInstantiator
instanceKlass com/mathworks/mlwidgets/explorer/model/FileDecorationModel$DecorationResolvingInstantiator$2
instanceKlass com/mathworks/mlwidgets/explorer/model/FileDecorationModel$4$1
instanceKlass com/mathworks/mlwidgets/explorer/DetailViewer$5$2
instanceKlass com/mathworks/mlwidgets/explorer/DetailViewer$5$1
instanceKlass com/mathworks/toolbox/coder/model/CoderFileSupport$1
instanceKlass com/mathworks/toolbox/coder/app/FeatureSwitches
instanceKlass com/mathworks/toolbox/coder/app/CoderRegistry$1
instanceKlass com/mathworks/toolbox/coder/app/CoderRegistry$AbstractCoderInstance
instanceKlass com/mathworks/toolbox/coder/app/CoderRegistry$CoderInstance
instanceKlass com/mathworks/toolbox/coder/app/CoderRegistry
instanceKlass com/mathworks/toolbox/coder/model/CoderFileSupport$FileCache$2
instanceKlass com/mathworks/toolbox/coder/util/LRUMap$SoftReferenceMap
instanceKlass com/mathworks/toolbox/coder/model/CoderFileSupport$FileCache$CharCountingMap$1
instanceKlass com/mathworks/toolbox/coder/util/LRUMap$LRUPredicate
instanceKlass com/mathworks/toolbox/coder/util/LRUMap
instanceKlass com/mathworks/toolbox/coder/model/CoderFileSupport$OffsetConverter
instanceKlass com/mathworks/toolbox/coder/model/CoderFileSupport$FileCache
instanceKlass com/mathworks/toolbox/coder/plugin/Utilities$9
instanceKlass com/mathworks/toolbox/coder/plugin/Utilities$8
instanceKlass com/mathworks/project/api/ReadableConfiguration
instanceKlass com/mathworks/project/api/XmlLooper
instanceKlass com/mathworks/toolbox/coder/plugin/Utilities
instanceKlass com/mathworks/toolbox/coder/util/CoderLogger$1
instanceKlass com/mathworks/toolbox/coder/util/CoderLogger$LogTarget
instanceKlass com/mathworks/toolbox/coder/util/CoderLogger
instanceKlass com/mathworks/toolbox/coder/model/CoderFileSupport
instanceKlass com/mathworks/widgets/grouptable/EditOnClickHandler$4
instanceKlass com/mathworks/mlwidgets/explorer/widgets/table/FileTable$4$1
instanceKlass com/mathworks/widgets/TextFieldWithBalloonTip$6
instanceKlass com/mathworks/widgets/TextFieldWithBalloonTip$5
instanceKlass com/mathworks/widgets/ValidityWithHelp
instanceKlass com/mathworks/mwswing/validation/ValidatableTextField$2
instanceKlass com/mathworks/mwswing/validation/ValidatableTextField$1
instanceKlass com/mathworks/widgets/TextFieldWithBalloonTip$1
instanceKlass com/mathworks/mlwidgets/explorer/widgets/table/FileNameEditor$2
instanceKlass com/mathworks/mwswing/validation/ValidationListener
instanceKlass com/mathworks/mwswing/validation/Validatable
instanceKlass com/mathworks/widgets/TextFieldWithBalloonTip
instanceKlass com/mathworks/mlwidgets/explorer/widgets/table/FileNameEditor$1
instanceKlass com/mathworks/widgets/ValidatableWithHelp
instanceKlass com/mathworks/mlwidgets/explorer/widgets/table/FileNameEditor
instanceKlass com/mathworks/widgets/grouptable/PairingEditorWrapper
instanceKlass com/mathworks/widgets/grouptable/CloseableEditor
instanceKlass com/mathworks/widgets/desk/DeferredRunnable
instanceKlass java/util/ArrayDeque$DescendingIterator
instanceKlass com/mathworks/widgets/grouptable/IconAndText
instanceKlass com/sun/java/swing/plaf/windows/AnimationController$AnimationState
instanceKlass com/mathworks/widgets/spreadsheet/format/PrintMat$ScalarFormatPair
instanceKlass com/mathworks/widgets/spreadsheet/format/PrintMat$1
instanceKlass com/mathworks/widgets/spreadsheet/format/PrintMat
instanceKlass com/mathworks/widgets/spreadsheet/format/FormatUtils
instanceKlass com/mathworks/widgets/spreadsheet/color/ColorArrayTableModel
instanceKlass com/mathworks/widgets/recordlist/RecordlistTableModel$CellUpdater
instanceKlass com/mathworks/widgets/spreadsheet/format/Formattable
instanceKlass com/mathworks/mlwidgets/workspace/WorkspaceCommands$ActionLogProcessor
instanceKlass com/mathworks/mlwidgets/workspace/FetchedValueBuffer$FVBUpdater
instanceKlass com/mathworks/mlwidgets/workspace/FetchedValueBuffer$ModelUpdateRunnable
instanceKlass com/mathworks/mde/editor/MatlabEditorApplication$12$2
instanceKlass com/mathworks/mde/editor/plugins/matlab/MatlabBreakpointFileService$1$1
instanceKlass com/mathworks/widgets/datamodel/AbstractFileBackingStore$ExceptionInteractionModel
instanceKlass com/mathworks/mde/editor/EditorViewUtils
instanceKlass com/mathworks/mde/editor/MatlabEditor$16
instanceKlass com/mathworks/mde/cmdwin/CmdWinDocumentUtilities
instanceKlass com/mathworks/mde/cmdwin/CmdWinDocument$4
instanceKlass com/mathworks/mde/cmdwin/CmdWinDocument$AnnotatedInfo
instanceKlass com/mathworks/mde/cmdwin/CmdWinDocument$SpecialCharacter
instanceKlass com/mathworks/mde/cmdhist/AltHistory$4
instanceKlass com/mathworks/jmi/AWTUtilities$MatlabWait
instanceKlass com/mathworks/mde/cmdwin/CmdWinDocument$FlushRunnable
instanceKlass com/mathworks/mlservices/MLHelpBrowser
instanceKlass com/mathworks/mlservices/MLCSHelpViewer
instanceKlass com/mathworks/helpsearch/facets/DocumentationFacetVisitor
instanceKlass com/mathworks/mlwidgets/help/docconfig/WebDocConfig$WebDocumentationSet
instanceKlass com/mathworks/mlwidgets/help/docconfig/WebDocConfig$WebDocSetAdapter
instanceKlass com/mathworks/html/UrlTransformer$TransformerVisitor
instanceKlass com/mathworks/html/UrlVisitor
instanceKlass com/mathworks/html/ChildUrlRelativizer
instanceKlass com/mathworks/help/helpui/WebDocBaseRoots
instanceKlass com/mathworks/html/UrlParser$DefaultFileExistenceRules
instanceKlass com/mathworks/html/UrlParser
instanceKlass com/mathworks/html/UrlBuilder
instanceKlass com/mathworks/mlwidgets/help/DocCenterConnectorInitializer$1
instanceKlass com/mathworks/mlwidgets/help/messages/customdoc/ProjectDoc
instanceKlass com/mathworks/mlwidgets/help/messages/OpenHelpBrowserHandler
instanceKlass com/mathworks/mlwidgets/help/messages/TopExamplesMessageHandler
instanceKlass com/mathworks/mlwidgets/help/messages/DocLinkMessageHandler
instanceKlass com/mathworks/mlwidgets/help/messages/ChangeTitleMessageHandler
instanceKlass com/mathworks/mlwidgets/help/messages/HelpPanelOpenWindow
instanceKlass com/mathworks/mlwidgets/help/HelpPanelHistoryNavigator
instanceKlass com/mathworks/mlwidgets/help/messages/DduxPageViewedCommandLogger
instanceKlass com/mathworks/mlwidgets/help/messages/HelpPanelCurrentLocationHandler
instanceKlass com/mathworks/mlwidgets/help/messages/CategoryPageSubscriber
instanceKlass com/mathworks/helpsearch/categories/CategoryJsonService
instanceKlass com/mathworks/mlwidgets/help/messages/AbstractCategoryListSubscriber
instanceKlass com/mathworks/html/ViewSourceHandler
instanceKlass com/mathworks/mlwidgets/help/messages/ViewPageSourceHandler
instanceKlass com/mathworks/mlwidgets/help/messages/FeaturedExamplesMessageHandler
instanceKlass com/mathworks/mlwidgets/help/CustomDocUrlBuilder
instanceKlass com/mathworks/mlwidgets/help/messages/CustomDocUrlBuilderHandler
instanceKlass com/mathworks/mlwidgets/help/messages/SystemBrowserLinkHandler
instanceKlass com/mathworks/mlwidgets/help/messages/ConsoleEvalHandler
instanceKlass com/mathworks/mlwidgets/help/messages/EvaluateSelectionHandler
instanceKlass com/mathworks/mlwidgets/help/messages/AddressLocatorHandler
instanceKlass com/mathworks/mlwidgets/help/messages/ProductUpdateReleaseNoteHandler
instanceKlass com/mathworks/help/helpui/releasenotes/ReleaseNoteFilterParams
instanceKlass com/mathworks/mlwidgets/help/messages/ReleaseNoteHandler
instanceKlass com/mathworks/mlwidgets/help/messages/ProductFilterHandler
instanceKlass com/mathworks/help/helpui/search/DocSearchRequest
instanceKlass com/mathworks/help/helpui/search/DocSearchResponder
instanceKlass com/mathworks/mlwidgets/help/messages/search/DocSearchMessageHandler
instanceKlass com/mathworks/mlwidgets/help/messages/OverloadMessageBarHandler
instanceKlass com/mathworks/helpsearch/json/JsonEntity
instanceKlass com/mathworks/mlwidgets/help/messages/ServicePreferenceHandler
instanceKlass com/mathworks/mlwidgets/help/messages/HelpSystemMessageParser
instanceKlass com/mathworks/mlwidgets/help/messages/ExampleChannelHandler
instanceKlass com/mathworks/mlwidgets/help/messages/SearchSuggestionHandler
instanceKlass com/mathworks/mlwidgets/help/ConnectorHelpStaticContentManager$InvokeDocStaticContnetDeferredService
instanceKlass com/mathworks/help/helpui/LocaleDocUrlLocalizer
instanceKlass com/mathworks/html/EncodingUtils
instanceKlass com/mathworks/html/HtmlUtils
instanceKlass com/mathworks/html/FileUrl$DefaultFileExistenceRules
instanceKlass com/mathworks/help/helpui/DocUrlLocalizer
instanceKlass com/mathworks/mlwidgets/help/DocCenterDocConfig$DefaultDocSetAdapter
instanceKlass com/mathworks/help/helpui/DocUrlResolver
instanceKlass com/mathworks/mlwidgets/help/ConnectorHelpStaticContentManager
instanceKlass com/mathworks/mlwidgets/help/MLDocConfigBase$MLDocConfigBaseObserver
instanceKlass com/mathworks/mlwidgets/help/DocCenterConnectorInitializer
instanceKlass com/mathworks/mlwidgets/help/addon/InstalledDocSetItem
instanceKlass com/mathworks/mlwidgets/help/addon/InstalledToolboxFinder
instanceKlass com/mathworks/helpsearch/product/DocCustomToolbox
instanceKlass com/mathworks/mlwidgets/help/DocCustomToolboxBuilder
instanceKlass com/mathworks/toolbox/shared/hwconnectinstaller/util/registry/SupportPackageRootHelpLoader$1
instanceKlass com/mathworks/toolbox/shared/hwconnectinstaller/util/registry/NativeSupportPackageRootReader
instanceKlass com/mathworks/toolbox/shared/hwconnectinstaller/util/registry/SupportPackageData
instanceKlass com/mathworks/toolbox/shared/hwconnectinstaller/util/registry/PackageInfoLoader
instanceKlass com/mathworks/toolbox/shared/hwconnectinstaller/util/registry/InstalledPackageInspector
instanceKlass com/mathworks/toolbox/shared/hwconnectinstaller/util/registry/InstalledPackageInfo
instanceKlass com/mathworks/mlwidgets/help/addon/InstalledPackageAccessor$DefaultSupportPackageInspectorProvider
instanceKlass com/mathworks/help/helpui/addon/InProductDocAddOn
instanceKlass com/mathworks/helpsearch/product/DocAddOn
instanceKlass com/mathworks/helpsearch/HelpPathBuilder
instanceKlass com/mathworks/mlwidgets/help/DocSupportPackageBuilder
instanceKlass com/mathworks/search/SearchExpression
instanceKlass com/mathworks/search/Visitable
instanceKlass com/mathworks/helpsearch/SearchExpressionFilter
instanceKlass java/util/AbstractList$1
instanceKlass com/mathworks/helpsearch/product/AbstractDocSetItem
instanceKlass com/mathworks/helpsearch/product/PropertiesBaseCodeMapBuilder
instanceKlass com/mathworks/helpsearch/product/BaseCodeMapBuilder
instanceKlass com/mathworks/helpsearch/HelpLocation
instanceKlass com/mathworks/helpsearch/product/DocSetParser
instanceKlass com/mathworks/helpsearch/product/SimpleDocumentationSetBuilder$AddDocSetItemVisitor
instanceKlass com/mathworks/helpsearch/product/ProductBaseCodeMap
instanceKlass com/mathworks/helpsearch/product/SimpleDocumentationSet
instanceKlass com/mathworks/helpsearch/product/DocSetItemVisitor
instanceKlass com/mathworks/helpsearch/product/SimpleDocumentationSetBuilder
instanceKlass com/mathworks/helpsearch/product/DocumentationSetBuilder
instanceKlass com/mathworks/help/helpui/ContentFormatManager
instanceKlass com/mathworks/mlwidgets/help/addon/DemoPath$DemoFileRunnable
instanceKlass com/mathworks/mlwidgets/help/addon/InstalledToolboxAccessor$ProductInfoListener
instanceKlass com/mathworks/mlwidgets/help/addon/DemoPath$MatlabPathListener
instanceKlass com/mathworks/mlwidgets/help/DefaultAddOnFileProvider
instanceKlass com/mathworks/mlwidgets/help/AddOnFileProvider
instanceKlass com/mathworks/mlwidgets/help/DemosXmlFileProvider
instanceKlass com/mathworks/mlwidgets/help/addon/DemoPath
instanceKlass com/mathworks/mlwidgets/help/addon/InstalledToolboxAccessor$DemoListener
instanceKlass com/mathworks/mlwidgets/help/addon/InstalledToolboxAccessor
instanceKlass com/mathworks/mlwidgets/help/addon/SupportPackageInspectorProvider
instanceKlass com/mathworks/mlwidgets/help/addon/InstalledPackageAccessor
instanceKlass com/mathworks/mlwidgets/help/ProductFilterModel$DefaultDependencyProvider
instanceKlass com/mathworks/mlwidgets/help/ProductFilterModel$DependencyProvider
instanceKlass com/mathworks/mlwidgets/help/ProductFilterModel
instanceKlass com/mathworks/mlwidgets/help/DefaultHelpPreferenceAccessor
instanceKlass com/mathworks/mlwidgets/help/HelpPreferenceAccessor
instanceKlass com/mathworks/mlwidgets/help/ProductFilterPrefs
instanceKlass com/mathworks/mlwidgets/help/DocCenterProductPrefs
instanceKlass com/mathworks/mlwidgets/help/DocCenterDocConfigParams
instanceKlass com/mathworks/mlwidgets/help/NonProductDocSetItemBuilder
instanceKlass com/mathworks/help/helpui/WebDocBaseRootsFactory
instanceKlass com/mathworks/release_info/VersionInfoXmlBasedReleaseInfo
instanceKlass com/mathworks/release_info/ReleaseInfo
instanceKlass com/mathworks/release_info/ReleaseInfoUtils
instanceKlass com/mathworks/mlwidgets/help/WebConnectivityStatus$WebReachableCheck
instanceKlass sun/net/www/protocol/http/HttpURLConnection$7
instanceKlass com/mathworks/mlwidgets/html/DefaultWebReachableStrategy
instanceKlass com/mathworks/mlwidgets/html/WebReachableStrategy
instanceKlass com/mathworks/mlwidgets/help/WebConnectivityStatus
instanceKlass com/mathworks/mlwidgets/help/DocCenterDocConfig$DefaultExceptionHandler
instanceKlass com/mathworks/widgets/text/layer/DefaultEditorMessage
instanceKlass org/apache/commons/lang/IntHashMap$Entry
instanceKlass org/apache/commons/lang/IntHashMap
instanceKlass org/apache/commons/lang/Entities$PrimitiveEntityMap
instanceKlass org/apache/commons/lang/Entities$EntityMap
instanceKlass org/apache/commons/lang/Entities
instanceKlass sun/misc/ObjectInputFilter$Config$$Lambda$32
instanceKlass sun/misc/ObjectInputFilter
instanceKlass sun/misc/ObjectInputFilter$Config
instanceKlass java/io/ObjectInputStream$ValidationList
instanceKlass java/io/ObjectInputStream$HandleTable$HandleList
instanceKlass java/io/ObjectInputStream$HandleTable
instanceKlass java/io/ObjectInputStream$$Lambda$31
instanceKlass sun/misc/JavaObjectInputStreamAccess
instanceKlass java/lang/invoke/LambdaForm$DMH
instanceKlass sun/misc/ObjectStreamClassValidator
instanceKlass java/io/ObjectInputStream$1
instanceKlass sun/misc/JavaOISAccess
instanceKlass java/io/ObjectStreamClass$FieldReflector
instanceKlass java/io/ObjectStreamClass$3
instanceKlass java/io/ObjectStreamClass$EntryFuture
instanceKlass java/io/ObjectStreamClass$Caches
instanceKlass java/io/ObjectStreamClass$1
instanceKlass java/io/ObjectStreamClass
instanceKlass java/io/Bits
instanceKlass java/io/ObjectOutputStream$ReplaceTable
instanceKlass java/io/ObjectOutputStream$HandleTable
instanceKlass javax/swing/PopupFactory
instanceKlass javax/swing/plaf/basic/BasicToolTipUI$PropertyChangeHandler
instanceKlass sun/awt/EventQueueDelegate$Delegate
instanceKlass org/netbeans/editor/Utilities$MarkInfo
instanceKlass org/netbeans/editor/ext/FormatTokenPositionSupport$ExtTokenPosition
instanceKlass org/netbeans/editor/TokenItem$FilterItem
instanceKlass org/netbeans/editor/TokenItem$AbstractItem
instanceKlass org/netbeans/editor/ext/ExtSyntaxSupport$TokenItemTP
instanceKlass org/netbeans/editor/ext/FormatTokenPositionSupport
instanceKlass org/netbeans/editor/ext/FormatTokenPosition
instanceKlass org/netbeans/editor/ext/FormatWriter$ExtTokenItem
instanceKlass org/netbeans/editor/TokenItem
instanceKlass com/mathworks/widgets/text/mcode/variables/VariableHighlightingLayer$4$1
instanceKlass com/mathworks/widgets/text/mcode/variables/VariableHighlightingLayer$4$2
instanceKlass com/mathworks/widgets/SyntaxTextPane$2$2
instanceKlass org/netbeans/editor/StatusBar$2
instanceKlass com/mathworks/mlwidgets/explorer/extensions/matlab/EditorFileInfoProvider$2
instanceKlass com/mathworks/mlwidgets/explorer/extensions/matlab/EditorFileInfoProvider$1
instanceKlass com/mathworks/widgets/editor/breakpoints/BreakpointAdjustmentUtils
instanceKlass org/netbeans/editor/MarkVector$Undo
instanceKlass org/netbeans/editor/MarkVector$UndoItem
instanceKlass sun/awt/datatransfer/TransferableProxy
instanceKlass com/mathworks/mwswing/datatransfer/MJClipboard$PrivateClipboardOwner
instanceKlass com/mathworks/mwswing/datatransfer/MJClipboard
instanceKlass com/mathworks/mwswing/datatransfer/MJTransferable$CompoundTransferable
instanceKlass com/mathworks/mwswing/datatransfer/MJTransferable
instanceKlass com/mathworks/mwswing/datatransfer/RTFStringUtils
instanceKlass java/awt/datatransfer/StringSelection
instanceKlass com/mathworks/mwswing/AttributedCharacters$AttributedCharacterIteratorImpl
instanceKlass com/mathworks/mwswing/AttributedCharacters
instanceKlass javax/print/attribute/Attribute
instanceKlass org/netbeans/editor/Abbrev
instanceKlass com/mathworks/mwswing/binding/InputMapUtils
instanceKlass com/mathworks/mwswing/binding/KeySequenceDispatcher$BindingData
instanceKlass com/mathworks/widgets/text/mcode/analyzer/CodeAnalyzerLayer$6
instanceKlass java/security/DomainCombiner
instanceKlass com/mathworks/hg/peer/GraphicsPeer$2
instanceKlass com/mathworks/hg/peer/JavaSceneServerPeer$1
instanceKlass java/lang/ref/Finalizer$1
instanceKlass java/lang/ref/Finalizer$2
instanceKlass com/mathworks/timer/MWCallbackScheduler$ScheduledTask
instanceKlass com/mathworks/timer/MWCallback$EventStruct$dataStruct
instanceKlass com/mathworks/timer/MWCallback$EventStruct
instanceKlass com/mathworks/timer/MWCallback$callbackEvent
instanceKlass com/mathworks/hg/peer/FigureEditableComponentManager
instanceKlass jogamp/opengl/awt/AWTThreadingPlugin$1
instanceKlass jogamp/opengl/awt/AWTThreadingPlugin
instanceKlass jogamp/opengl/ToolkitThreadingPlugin
instanceKlass jogamp/opengl/ThreadingImpl$1
instanceKlass jogamp/opengl/ThreadingImpl
instanceKlass com/jogamp/opengl/Threading
instanceKlass com/mathworks/hg/peer/FigureFrameProxy$FigureFrame$1
instanceKlass sun/awt/SunToolkit$1
instanceKlass java/awt/KeyboardFocusManager$2
instanceKlass com/mathworks/widgets/desk/DTSingleClientFrame$LocalWindowListener$3
instanceKlass java/beans/NameGenerator
instanceKlass com/mathworks/timer/MWCallbackScheduler
instanceKlass com/mathworks/timer/MWCallback
instanceKlass com/mathworks/jmi/MatlabMCRFactory
instanceKlass com/mathworks/timer/MWCallback$MyActionEvent
instanceKlass com/mathworks/jmi/MatlabErrorException
instanceKlass com/mathworks/timer/TimerTask
instanceKlass com/mathworks/timer/MWCallback$MyActionListener
instanceKlass com/mathworks/mde/editor/MatlabEditorApplication$13$1
instanceKlass com/mathworks/hg/peer/EventUtilities
instanceKlass com/sun/java/swing/plaf/windows/AnimationController$1
instanceKlass jogamp/opengl/GLStateTracker$SavedState
instanceKlass com/jogamp/opengl/util/GLPixelBuffer$GLPixelAttributes
instanceKlass com/jogamp/opengl/util/GLPixelBuffer$DefaultGLPixelBufferProvider
instanceKlass com/jogamp/common/util/IntBitfield
instanceKlass com/jogamp/nativewindow/util/PixelFormat$PackedComposition
instanceKlass com/jogamp/nativewindow/util/PixelFormat$Composition
instanceKlass com/jogamp/opengl/util/texture/TextureState
instanceKlass com/mathworks/hg/uij/RenderingHintsHelper
instanceKlass sun/font/DelegatingShape
instanceKlass java/awt/font/TextLine$TextLineMetrics
instanceKlass sun/font/GlyphLayout$LayoutEngineKey
instanceKlass sun/font/GlyphLayout$EngineRecord
instanceKlass sun/font/ScriptRunData
instanceKlass sun/font/GlyphLayout$SDCache$SDKey
instanceKlass sun/font/GlyphLayout$SDCache
instanceKlass sun/font/FontRunIterator
instanceKlass sun/font/ScriptRun
instanceKlass sun/font/TextRecord
instanceKlass sun/font/GlyphLayout$GVData
instanceKlass sun/font/SunLayoutEngine
instanceKlass sun/font/GlyphLayout$LayoutEngineFactory
instanceKlass sun/font/GlyphLayout$LayoutEngine
instanceKlass sun/font/GlyphLayout
instanceKlass sun/font/TextLabel
instanceKlass sun/font/Decoration$Label
instanceKlass sun/font/TextSource
instanceKlass sun/font/TextLineComponent
instanceKlass sun/font/TextLabelFactory
instanceKlass sun/font/Decoration
instanceKlass sun/text/normalizer/UBiDiProps$IsAcceptable
instanceKlass sun/text/normalizer/UBiDiProps
instanceKlass sun/text/normalizer/Trie$DefaultGetFoldingOffset
instanceKlass sun/text/normalizer/UCharacterPropertyReader
instanceKlass sun/text/normalizer/UCharacterProperty
instanceKlass sun/text/normalizer/UCharacter
instanceKlass sun/text/bidi/BidiBase$ImpTabPair
instanceKlass sun/text/bidi/BidiBase
instanceKlass java/text/Bidi
instanceKlass java/awt/font/TextLine$Function
instanceKlass java/awt/font/TextLine
instanceKlass java/awt/font/TextLayout$CaretPolicy
instanceKlass java/awt/font/TextLayout
instanceKlass com/mathworks/hg/uij/OpenGLUtils$CrashLog
instanceKlass com/jogamp/opengl/FBObject$1
instanceKlass com/jogamp/opengl/FBObject$Attachment
instanceKlass com/jogamp/opengl/FBObject$Colorbuffer
instanceKlass com/jogamp/opengl/FBObject
instanceKlass com/jogamp/opengl/GLFBODrawable$Resizeable
instanceKlass com/jogamp/opengl/util/GLPixelBuffer
instanceKlass com/jogamp/opengl/util/GLPixelStorageModes
instanceKlass com/jogamp/opengl/awt/GLJPanel$OffscreenBackend
instanceKlass java/beans/Beans
instanceKlass sun/swing/MenuItemLayoutHelper$ColumnAlignment
instanceKlass sun/swing/MenuItemLayoutHelper$LayoutResult
instanceKlass com/mathworks/hg/peer/OffscreenWindowProvider
instanceKlass com/mathworks/hg/peer/FigurePeer$18
instanceKlass jogamp/nativewindow/SurfaceScaleUtils
instanceKlass sun/awt/image/OffScreenImageSource
instanceKlass jogamp/nativewindow/awt/AWTMisc
instanceKlass com/mathworks/mde/desk/DDUXLoggerBridge$2
instanceKlass org/apache/commons/codec/binary/Hex
instanceKlass org/apache/commons/codec/BinaryDecoder
instanceKlass org/apache/commons/codec/Decoder
instanceKlass org/apache/commons/codec/BinaryEncoder
instanceKlass org/apache/commons/codec/Encoder
instanceKlass org/apache/commons/codec/digest/DigestUtils
instanceKlass com/mathworks/hg/peer/FigurePeer$27
instanceKlass sun/swing/MenuItemLayoutHelper$RectSize
instanceKlass com/mathworks/services/BrowseableListener
instanceKlass com/mathworks/hg/types/HGCallback
instanceKlass com/mathworks/hg/peer/AbstractToolbuttonPeer$AbstractToolListener
instanceKlass com/mathworks/hg/peer/FigureComponentProxy$1
instanceKlass com/mathworks/hg/peer/PositionData
instanceKlass com/mathworks/hg/peer/PaintDisabled
instanceKlass com/mathworks/hg/util/HGPeerQueue$HGPeerRunnablesRunner
instanceKlass com/mathworks/hg/util/DeferToIdleState$1
instanceKlass com/mathworks/hg/util/DeferToIdleState$CancelableMatlabRunnable
instanceKlass com/mathworks/util/ResLoader
instanceKlass com/mathworks/jmi/bean/UDDBeanInfoUtil
instanceKlass com/mathworks/jmi/bean/TypeInfo
instanceKlass com/mathworks/util/CategoricalVariable$1
instanceKlass com/mathworks/util/CategoricalVariable
instanceKlass sun/font/SunFontManager$11
instanceKlass sun/font/SunFontManager$10
instanceKlass com/mathworks/hg/uij/TextBoundsRequestHandler$TextExtentsRunnable
instanceKlass com/mathworks/hg/uij/TextBoundsRequestHandler
instanceKlass com/mathworks/hg/peer/CommandRunnable
instanceKlass java/awt/Event
instanceKlass javax/swing/InputVerifier
instanceKlass com/mathworks/mde/editor/MatlabBatchedBusyIdleStateManager$3
instanceKlass com/mathworks/hg/util/DeferToIdleState
instanceKlass com/mathworks/hg/util/DisplayChangeManager
instanceKlass com/mathworks/hg/util/GraphicsDeviceUtilities
instanceKlass com/mathworks/hg/peer/JOGLEventListener
instanceKlass com/jogamp/opengl/util/TileRendererBase$TileRendererListener
instanceKlass jogamp/opengl/GLDrawableHelper$1
instanceKlass com/jogamp/opengl/awt/GLJPanel$12
instanceKlass com/jogamp/opengl/awt/GLJPanel$11
instanceKlass com/jogamp/opengl/awt/GLJPanel$10
instanceKlass com/jogamp/opengl/awt/GLJPanel$9
instanceKlass com/jogamp/opengl/awt/GLJPanel$8
instanceKlass com/jogamp/opengl/awt/GLJPanel$6
instanceKlass com/jogamp/opengl/awt/GLJPanel$5
instanceKlass com/jogamp/opengl/awt/GLJPanel$4
instanceKlass com/jogamp/opengl/awt/GLJPanel$2
instanceKlass com/jogamp/nativewindow/awt/AWTWindowClosingProtocol
instanceKlass com/jogamp/opengl/awt/GLJPanel$1
instanceKlass com/mathworks/hg/peer/HGCanvasPeer$Size
instanceKlass com/mathworks/hg/peer/HGCanvasPeer$Scale
instanceKlass com/jogamp/opengl/util/awt/AWTGLPixelBuffer$AWTGLPixelBufferProvider
instanceKlass com/jogamp/opengl/util/GLPixelBuffer$SingletonGLPixelBufferProvider
instanceKlass com/jogamp/opengl/util/GLPixelBuffer$GLPixelBufferProvider
instanceKlass com/jogamp/opengl/awt/GLJPanel$Updater
instanceKlass com/jogamp/opengl/GLCapabilitiesChooser
instanceKlass jogamp/opengl/awt/AWTTilePainter
instanceKlass com/jogamp/opengl/GLAnimatorControl
instanceKlass com/jogamp/opengl/FPSCounter
instanceKlass jogamp/opengl/GLDrawableHelper
instanceKlass com/jogamp/opengl/GLRunnable
instanceKlass com/jogamp/opengl/awt/GLJPanel$Backend
instanceKlass com/jogamp/opengl/GLEventListener
instanceKlass com/mathworks/hg/peer/OpenGLWrapper$OpenGLEventListener
instanceKlass com/mathworks/hg/peer/GLCanvasPeerFactory
instanceKlass com/mathworks/hg/peer/GraphicsPeersUtilities$PairOfPeers
instanceKlass com/mathworks/hg/peer/GraphicsPeer$1
instanceKlass com/mathworks/hg/peer/CanvasPeerMouseListener
instanceKlass com/mathworks/hg/peer/HGCanvasComponentPeer
instanceKlass com/mathworks/hg/peer/HGCanvasPeer
instanceKlass com/mathworks/hg/print/Exportable
instanceKlass com/mathworks/hg/peer/GraphicsPeer
instanceKlass com/mathworks/hg/peer/SceneServerInterface
instanceKlass com/mathworks/hg/peer/CommandTarget
instanceKlass com/mathworks/hg/peer/GraphicsEventHandler
instanceKlass com/mathworks/hg/peer/GraphicsPeersUtilities
instanceKlass com/mathworks/hg/peer/WindowRectHandlerImpl$MarginHelper
instanceKlass com/mathworks/hg/peer/FigureInsetsUtilities
instanceKlass com/mathworks/jmi/bean/BeanFinalizeNotifier
instanceKlass com/mathworks/jmi/bean/ClassInfoServer
instanceKlass com/mathworks/util/MutableInt
instanceKlass com/mathworks/jmi/bean/MatlabBeanInterface
instanceKlass javax/swing/OverlayLayout
instanceKlass com/mathworks/hg/peer/HeavyweightLightweightContainerFactory$UIPanelHost
instanceKlass com/mathworks/hg/peer/HeavyweightLightweightContainerFactory$UIComponentHost
instanceKlass com/mathworks/hg/peer/FigureComponentContainerProxy$ComponentContainerPropertyChangeListener
instanceKlass com/mathworks/hg/peer/FigureComponentProxy$FigureKeyEventDispatcher
instanceKlass com/mathworks/hg/util/FocusTraversalUtilities
instanceKlass com/mathworks/hg/peer/HeavyweightLightweightContainerFactory
instanceKlass com/mathworks/hg/peer/HeavyweightLightweightContainerFactory$PrintableContainerUtility
instanceKlass com/sun/awt/AWTUtilities
instanceKlass com/mathworks/hg/peer/TransparentPanelUtilities
instanceKlass com/mathworks/hg/print/HGOutputFlags
instanceKlass com/mathworks/hg/peer/FigureClientProxy$FigureDTClientBase$1
instanceKlass com/mathworks/hg/peer/NoBlockOnResizeAndWindowStyleChangeState
instanceKlass com/mathworks/hg/peer/PositionHandler
instanceKlass com/mathworks/hg/peer/FigurePositionableProxy
instanceKlass com/mathworks/hg/peer/UIComponentManager
instanceKlass com/mathworks/hg/peer/FigureKeyListener
instanceKlass com/mathworks/hg/peer/FigureClientProxy$ShowEnabledHandler$1
instanceKlass com/mathworks/hg/peer/IPositionable
instanceKlass com/mathworks/hg/peer/FigurePeer$2
instanceKlass com/mathworks/hg/peer/WindowRectHandlerImpl$LocationSizeSetHandler
instanceKlass com/mathworks/hg/peer/WindowRectHandlerImpl$FigureAttributesChanging
instanceKlass com/mathworks/hg/peer/WindowRectHandlerImpl
instanceKlass com/mathworks/hg/peer/FigureWindowActiveState
instanceKlass com/mathworks/hg/peer/BlockedOnPositionState
instanceKlass com/mathworks/hg/peer/FigureHG2Client
instanceKlass com/mathworks/hg/peer/FigureClient
instanceKlass sun/font/AttributeValues$1
instanceKlass com/mathworks/hg/util/FontNameTranslator$FontNameTable
instanceKlass com/mathworks/hg/util/FontNameTranslator
instanceKlass com/mathworks/hg/util/FontConverter
instanceKlass com/mathworks/hg/uij/TextRasterizer
instanceKlass com/mathworks/hg/uij/CharacterSizeCalcProxy$1
instanceKlass com/mathworks/hg/uij/CharacterSizeCalcProxy
instanceKlass com/mathworks/jmi/MatlabPath$1
instanceKlass com/mathworks/mde/editor/EditorPauseAction$3$1
instanceKlass com/mathworks/mde/editor/debug/EditorToolstripRefreshManager$BusyIdleListener$1
instanceKlass com/mathworks/services/actiondataservice/AbstractActionDataService$1
instanceKlass com/mathworks/mde/embeddedoutputs/RegionEvaluator
instanceKlass com/mathworks/mde/editor/codepad/Codepad$4
instanceKlass com/mathworks/ddux/DDUXLog
instanceKlass com/mathworks/util/Range
instanceKlass javax/swing/Autoscroller
instanceKlass com/mathworks/widgets/text/matlab/MatlabTokenUtils
instanceKlass org/netbeans/editor/ext/ExtSyntaxSupport$FirstTokenTP
instanceKlass org/netbeans/editor/ext/ExtSyntaxSupport$1
instanceKlass org/netbeans/editor/ext/ToolTipSupport$3
instanceKlass org/netbeans/editor/BaseCaret$4
instanceKlass com/mathworks/widgets/SyntaxTextPaneBase$InputMethodRequestsHandler
instanceKlass java/awt/font/TextHitInfo
instanceKlass sun/awt/windows/WInputMethod$1
instanceKlass sun/awt/ModalExclude
instanceKlass javax/swing/JComponent$IntVector
instanceKlass javax/swing/JComponent$KeyboardState
instanceKlass com/mathworks/desktop/overlay/impl/DefaultOverlayManager$OverlayItem
instanceKlass com/google/common/collect/MapMakerInternalMap$StrongValueReference
instanceKlass com/mathworks/util/logger/impl/LegacyLogger
instanceKlass com/mathworks/util/logger/Logger
instanceKlass com/mathworks/util/event/EventUtils$1
instanceKlass com/mathworks/desktop/overlay/impl/DefaultOverlayManager$5
instanceKlass com/mathworks/desktop/overlay/impl/DefaultOverlayManager$4
instanceKlass com/mathworks/desktop/overlay/impl/DefaultOverlayManager$2
instanceKlass com/mathworks/desktop/overlay/impl/DefaultOverlayManager$1
instanceKlass com/mathworks/desktop/overlay/OverlayManagers$DefaultFactory
instanceKlass com/mathworks/desktop/overlay/OverlayManagers$OverlayManagerFactory
instanceKlass com/mathworks/desktop/overlay/OverlayManagers
instanceKlass java/awt/KeyboardFocusManager$5
instanceKlass org/openide/util/RequestProcessor$Processor$1
instanceKlass com/mathworks/peermodel/synchronizer/utils/EventCoalescer$3$1
instanceKlass com/mathworks/peermodel/synchronizer/utils/EventCoalescer$3
instanceKlass com/mathworks/peermodel/synchronizer/utils/PropertyEventImpl
instanceKlass com/mathworks/hwsmanagement/InstalledSupportPackage$Builder
instanceKlass com/mathworks/services/actiondataservice/AbstractActionDataService$7
instanceKlass com/mathworks/mde/embeddedoutputs/evaluation/LifeCycle
instanceKlass com/mathworks/services/editordataservice/Document$1
instanceKlass com/mathworks/mde/embeddedoutputs/evaluation/LifeCycleProvider$LifeCycleFeature$1
instanceKlass com/mathworks/mde/embeddedoutputs/evaluation/LifeCycleProvider
instanceKlass com/mathworks/mde/editor/plugins/editordataservice/refactoring/RefactorFunctionFeature$GetFunctionNameSubscriber
instanceKlass com/mathworks/mlwidgets/dialog/filters/AbstractToolboxFileFilterContributor
instanceKlass com/mathworks/mlwidgets/dialog/filters/MatlabProductFileExtensionFilter
instanceKlass com/mathworks/mde/editor/plugins/editordataservice/refactoring/RefactorFunctionFeatureProvider
instanceKlass java/util/Collections$CheckedCollection
instanceKlass java/util/Collections$CheckedMap
instanceKlass com/mathworks/mde/editor/plugins/editordataservice/MatlabPreferencesFeature$2
instanceKlass java/util/Collections$ReverseComparator
instanceKlass java/util/Collections$ReverseComparator2
instanceKlass com/mathworks/mde/liveeditor/CustomKeyboardShortcutsFeatureSwitch
instanceKlass com/mathworks/mde/liveeditor/LiveEditorPreferences
instanceKlass com/mathworks/mde/editor/plugins/editordataservice/MatlabPreferencesFeatureProvider
instanceKlass com/mathworks/services/editordataservice/EditorNode$1
instanceKlass com/mathworks/mde/editor/plugins/editordataservice/CustomKeyboardShortcutsFeature$2
instanceKlass com/mathworks/mde/liveeditor/LiveEditorKeyBindingManagerListener
instanceKlass com/mathworks/mde/editor/plugins/editordataservice/CustomKeyboardShortcutsFeature$1
instanceKlass com/mathworks/services/editordataservice/EditorFeature$FeatureResponse
instanceKlass com/mathworks/mde/editor/plugins/editordataservice/CustomKeyboardShortcutsFeatureProvider
instanceKlass com/mathworks/mde/editor/plugins/editordataservice/BusyIdleFeature$BusyIdleMessenger
instanceKlass com/mathworks/mde/editor/plugins/editordataservice/BusyIdleFeatureProvider
instanceKlass com/mathworks/mde/editor/plugins/editordataservice/CodeAnalyzerFeature$1
instanceKlass com/mathworks/services/editordataservice/EditorDataServiceBroadcastImpl
instanceKlass java/util/PriorityQueue$Itr
instanceKlass com/mathworks/services/editordataservice/EditorFeature
instanceKlass com/mathworks/mde/editor/plugins/editordataservice/CodeAnalyzerFeatureProvider
instanceKlass com/mathworks/services/editordataservice/EditorDataServiceFeatureProvider
instanceKlass com/mathworks/services/editordataservice/EditorNode$PriorityCompare
instanceKlass com/mathworks/peermodel/impl/PeerNodeImpl$2
instanceKlass com/mathworks/peermodel/impl/PeerNodeImpl$1
instanceKlass com/mathworks/services/editordataservice/EditorNode$2
instanceKlass com/mathworks/services/editordataservice/EditorNode$4
instanceKlass com/mathworks/peermodel/impl/ObservableImpl$PeerEventObserver
instanceKlass com/mathworks/services/editordataservice/EditorNode$3
instanceKlass com/mathworks/services/editordataservice/Document$2
instanceKlass com/mathworks/services/editordataservice/EditorNodeUtilities
instanceKlass com/mathworks/services/editordataservice/Document
instanceKlass com/mathworks/services/editordataservice/EditorDataServiceBroadcast
instanceKlass com/mathworks/services/editordataservice/EditorNode
instanceKlass java/util/concurrent/CopyOnWriteArrayList$1
instanceKlass com/mathworks/services/actiondataservice/AbstractActionDataService$6
instanceKlass com/mathworks/ddux/JSBridge$ChannelData
instanceKlass java/rmi/MarshalledObject
instanceKlass java/rmi/Remote
instanceKlass sun/awt/datatransfer/DataTransferer$RMI
instanceKlass com/mathworks/mde/liveeditor/widget/rtc/DocumentEvent
instanceKlass com/mathworks/mde/liveeditor/widget/rtc/DocumentEventSupport$2$1
instanceKlass com/mathworks/messageservice/MessageNative
instanceKlass com/mathworks/messageservice/MessageWithContext
instanceKlass com/google/gson/internal/bind/ObjectTypeAdapter$2
instanceKlass org/cef/callback/CefQueryCallback
instanceKlass com/mathworks/page/plottool/propertyeditor/controls/AbstractPositionSelector$SelectableRegion
instanceKlass com/mathworks/page/plottool/propertyeditor/controls/LimitsControl$LimitsInputCompletionObserver
instanceKlass com/mathworks/page/plottool/propertyeditor/controls/ValueStringVector
instanceKlass com/mathworks/page/plottool/propertyeditor/controls/PropertyControl$UDDPropertyChangeListener
instanceKlass java/beans/Customizer
instanceKlass com/mathworks/page/plottool/propertyeditor/panels/IPropertyPanel
instanceKlass com/mathworks/page/plottool/propertyeditor/BeanManager
instanceKlass com/mathworks/page/plottool/PropertyEditor$UpdateObjectsMatlabRunnable
instanceKlass com/mathworks/page/plottool/propertyeditor/PropertyEditorResources
instanceKlass com/mathworks/page/plottool/figurepalette/FigurePaletteResources
instanceKlass com/mathworks/page/plottool/figurepalette/VarsPalettePage$FigPalatteWorkspaceIcon
instanceKlass com/mathworks/page/plottool/PlotBrowser$CachedFigureState
instanceKlass javax/swing/event/TreeModelListener
instanceKlass com/mathworks/page/plottool/PlotBrowser$ParentProxy
instanceKlass com/mathworks/page/plottool/PlotBrowser$BrowserItem
instanceKlass com/mathworks/page/plottool/MatlabSelectionListener
instanceKlass com/mathworks/page/plottool/SelectionManager$DropListener
instanceKlass com/mathworks/page/plottool/SelectionManager
instanceKlass com/mathworks/widgets/color/ColorPicker$ColorSwatch
instanceKlass com/mathworks/widgets/color/ColorPickerUtils
instanceKlass com/jgoodies/forms/util/DefaultUnitConverter$DialogBaseUnits
instanceKlass com/jgoodies/forms/util/AbstractUnitConverter
instanceKlass com/mathworks/hg/types/HGLineStyles
instanceKlass com/mathworks/hg/types/HGPoint3
instanceKlass com/mathworks/hg/types/HGView
instanceKlass org/apache/commons/lang/math/Range
instanceKlass com/mathworks/hg/types/Resources
instanceKlass com/mathworks/hg/types/HGMeshColor
instanceKlass com/mathworks/hg/types/HGRectangle
instanceKlass com/mathworks/hg/types/HGPoint
instanceKlass java/beans/PropertyEditorManager
instanceKlass java/beans/PropertyEditorSupport
instanceKlass java/beans/PropertyEditor
instanceKlass com/mathworks/beans/editors/IEditorContextSupport
instance